SF:lib\main.dart
DA:11,0
DA:12,0
DA:16,2
DA:19,1
DA:21,1
DA:22,2
DA:23,2
DA:24,1
DA:27,1
DA:28,1
DA:38,1
DA:39,1
DA:59,1
DA:61,1
DA:62,1
DA:63,2
DA:64,2
DA:66,1
DA:70,0
DA:72,0
DA:73,0
DA:76,1
DA:78,2
DA:81,2
DA:82,0
DA:83,0
DA:84,0
DA:85,0
DA:88,0
DA:89,0
DA:90,0
DA:91,0
DA:95,1
DA:96,1
DA:97,1
DA:98,1
DA:101,1
DA:105,1
DA:106,1
DA:107,0
DA:108,0
DA:109,0
DA:112,1
DA:113,1
DA:114,1
DA:119,1
DA:120,1
DA:121,1
DA:122,1
DA:123,1
DA:124,1
DA:125,1
DA:127,1
DA:129,1
DA:130,1
DA:133,1
DA:135,1
DA:136,1
DA:140,1
DA:141,1
DA:144,2
DA:146,1
DA:148,2
DA:150,1
DA:152,2
DA:156,1
DA:159,1
DA:161,2
DA:163,1
DA:167,1
DA:168,1
DA:169,1
DA:171,1
DA:172,1
DA:173,1
DA:175,1
DA:176,1
DA:179,1
DA:180,1
DA:181,1
DA:182,2
DA:183,1
DA:184,2
DA:186,1
DA:188,1
DA:189,1
DA:190,1
DA:192,1
DA:193,0
DA:194,0
DA:195,0
DA:197,0
DA:199,0
DA:200,0
DA:202,0
DA:206,1
DA:207,1
DA:208,1
DA:209,1
DA:210,2
DA:211,0
DA:212,0
DA:213,0
DA:216,1
DA:218,3
DA:219,1
DA:220,2
DA:228,1
DA:229,1
DA:231,1
DA:235,1
DA:238,1
DA:240,1
DA:241,1
DA:242,1
DA:245,1
DA:246,1
DA:247,1
DA:248,2
DA:249,1
DA:250,2
DA:252,1
DA:253,1
DA:254,1
DA:255,1
DA:256,1
DA:258,1
DA:260,1
DA:262,1
DA:264,1
DA:265,1
DA:271,1
DA:272,1
DA:275,1
DA:276,1
DA:277,1
DA:278,2
DA:279,1
DA:280,2
DA:282,1
DA:283,1
DA:284,1
DA:285,1
DA:287,1
DA:288,1
DA:289,1
DA:290,1
DA:292,1
DA:294,1
DA:296,1
DA:298,1
DA:300,1
DA:309,1
DA:312,1
DA:313,0
DA:314,0
DA:316,1
DA:319,1
DA:320,1
DA:321,1
DA:322,1
DA:323,3
DA:325,1
DA:327,1
DA:329,1
DA:330,1
DA:336,1
DA:337,0
DA:338,1
DA:340,1
DA:342,1
DA:348,1
DA:351,1
DA:353,1
DA:355,1
DA:357,1
DA:359,1
DA:360,1
DA:361,1
DA:362,1
DA:363,1
DA:364,0
DA:365,0
DA:366,0
DA:367,0
DA:370,0
DA:371,0
DA:372,0
DA:373,0
DA:375,0
DA:376,0
DA:381,0
DA:382,0
DA:383,0
DA:385,0
DA:386,0
DA:391,0
DA:392,0
DA:393,0
DA:395,0
DA:396,0
DA:401,0
DA:402,0
DA:403,0
DA:405,0
DA:406,0
DA:414,1
DA:433,1
DA:434,1
DA:435,4
DA:436,1
DA:437,1
DA:439,1
DA:442,3
DA:450,0
DA:451,0
DA:453,0
DA:455,0
DA:456,0
DA:457,0
DA:458,0
DA:459,0
DA:460,0
DA:461,0
DA:462,0
DA:463,0
DA:465,0
DA:468,0
DA:470,0
DA:471,0
DA:472,0
DA:473,0
DA:475,0
DA:477,0
DA:480,0
DA:482,0
DA:484,0
LF:237
LH:160
end_of_record
SF:lib\constants\constants.dart
DA:8,1
DA:17,1
DA:19,1
DA:20,1
DA:21,1
DA:22,0
DA:23,0
DA:25,0
DA:28,1
DA:30,1
DA:31,1
DA:32,5
DA:33,1
DA:34,1
DA:36,2
DA:43,1
DA:46,1
DA:47,1
DA:48,0
DA:49,0
DA:51,0
DA:54,1
DA:55,2
DA:56,2
DA:58,1
DA:59,1
DA:62,1
DA:64,1
DA:65,2
DA:70,0
DA:71,1
DA:74,1
DA:75,1
DA:76,1
DA:77,2
DA:78,1
DA:79,1
DA:81,2
DA:84,0
DA:85,0
DA:87,0
DA:90,1
DA:92,1
DA:93,2
DA:98,0
LF:45
LH:34
end_of_record
SF:lib\pages\signup.dart
DA:10,0
DA:12,0
DA:13,0
DA:32,0
DA:34,0
DA:36,0
DA:37,0
DA:38,0
DA:40,0
DA:41,0
DA:42,0
DA:43,0
DA:44,0
DA:45,0
DA:48,0
DA:49,0
DA:50,0
DA:55,0
DA:56,0
DA:57,0
DA:58,0
DA:59,0
DA:60,0
DA:61,0
DA:64,0
DA:66,0
DA:68,0
DA:70,0
DA:72,0
DA:73,0
DA:74,0
DA:75,0
DA:76,0
DA:77,0
DA:79,0
DA:80,0
DA:83,0
DA:84,0
DA:85,0
DA:86,0
DA:88,0
DA:89,0
DA:94,0
DA:95,0
DA:96,0
DA:98,0
DA:99,0
DA:104,0
DA:105,0
DA:106,0
DA:108,0
DA:109,0
DA:114,0
DA:115,0
DA:116,0
DA:118,0
DA:119,0
DA:127,0
DA:142,0
DA:143,0
DA:144,0
DA:146,0
DA:148,0
DA:149,0
DA:150,0
DA:151,0
DA:154,0
DA:155,0
DA:156,0
DA:157,0
DA:158,0
DA:159,0
DA:160,0
DA:161,0
DA:162,0
DA:163,0
DA:164,0
DA:165,0
DA:166,0
DA:167,0
DA:168,0
DA:169,0
DA:170,0
DA:171,0
DA:172,0
DA:173,0
DA:174,0
DA:176,0
DA:179,0
DA:180,0
DA:181,0
DA:184,0
DA:186,0
DA:187,0
DA:191,0
DA:192,0
DA:195,0
DA:197,0
DA:199,0
DA:201,0
DA:203,0
DA:205,0
DA:207,0
DA:213,0
DA:215,0
DA:216,0
DA:218,0
DA:219,0
DA:220,0
DA:223,0
DA:224,0
DA:226,0
DA:227,0
DA:228,0
DA:229,0
DA:230,0
DA:231,0
DA:234,0
DA:236,0
DA:237,0
DA:239,0
DA:240,0
DA:248,0
DA:249,0
DA:251,0
DA:252,0
DA:253,0
DA:254,0
DA:255,0
DA:256,0
DA:259,0
DA:269,0
DA:270,0
DA:271,0
DA:273,0
DA:274,0
DA:275,0
DA:278,0
DA:279,0
DA:282,0
DA:284,0
DA:285,0
DA:286,0
DA:288,0
LF:144
LH:0
end_of_record
SF:lib\pages\login.dart
DA:9,0
DA:11,0
DA:12,0
DA:21,0
DA:23,0
DA:25,0
DA:26,0
DA:27,0
DA:29,0
DA:30,0
DA:31,0
DA:32,0
DA:33,0
DA:34,0
DA:37,0
DA:38,0
DA:39,0
DA:44,0
DA:45,0
DA:46,0
DA:47,0
DA:48,0
DA:49,0
DA:50,0
DA:53,0
DA:55,0
DA:57,0
DA:59,0
DA:61,0
DA:62,0
DA:63,0
DA:64,0
DA:65,0
DA:66,0
DA:68,0
DA:69,0
DA:72,0
DA:73,0
DA:74,0
DA:75,0
DA:77,0
DA:78,0
DA:83,0
DA:84,0
DA:85,0
DA:87,0
DA:88,0
DA:93,0
DA:94,0
DA:95,0
DA:97,0
DA:98,0
DA:103,0
DA:104,0
DA:105,0
DA:107,0
DA:108,0
DA:116,0
DA:131,0
DA:132,0
DA:133,0
DA:135,0
DA:137,0
DA:138,0
DA:139,0
DA:140,0
DA:143,0
DA:144,0
DA:145,0
DA:147,0
DA:148,0
DA:149,0
DA:152,0
DA:153,0
DA:156,0
DA:158,0
DA:159,0
DA:160,0
DA:162,0
DA:169,0
DA:170,0
DA:171,0
DA:173,0
DA:174,0
DA:175,0
DA:178,0
DA:179,0
DA:182,0
DA:184,0
DA:185,0
DA:187,0
DA:190,0
DA:191,0
DA:197,0
DA:198,0
DA:200,0
DA:202,0
DA:205,0
DA:207,0
DA:208,0
DA:209,0
DA:210,0
DA:211,0
DA:212,0
DA:215,0
DA:217,0
DA:218,0
DA:220,0
DA:221,0
DA:228,0
DA:229,0
DA:231,0
DA:232,0
DA:233,0
DA:234,0
DA:235,0
DA:236,0
DA:239,0
LF:118
LH:0
end_of_record
SF:lib\pages\createVote.dart
DA:12,0
DA:14,0
DA:15,0
DA:53,0
DA:55,0
DA:56,0
DA:57,0
DA:58,0
DA:59,0
DA:60,0
DA:61,0
DA:62,0
DA:63,0
DA:64,0
DA:65,0
DA:66,0
DA:67,0
DA:68,0
DA:69,0
DA:70,0
DA:71,0
DA:72,0
DA:73,0
DA:74,0
DA:78,0
DA:79,0
DA:80,0
DA:81,0
DA:82,0
DA:83,0
DA:84,0
DA:85,0
DA:86,0
DA:87,0
DA:88,0
DA:93,0
DA:94,0
DA:95,0
DA:96,0
DA:97,0
DA:98,0
DA:99,0
DA:100,0
DA:101,0
DA:102,0
DA:103,0
DA:108,0
DA:109,0
DA:110,0
DA:111,0
DA:114,0
DA:115,0
DA:116,0
DA:121,0
DA:122,0
DA:123,0
DA:124,0
DA:127,0
DA:128,0
DA:129,0
DA:134,0
DA:136,0
DA:138,0
DA:139,0
DA:140,0
DA:142,0
DA:143,0
DA:144,0
DA:145,0
DA:146,0
DA:147,0
DA:150,0
DA:151,0
DA:152,0
DA:157,0
DA:158,0
DA:161,0
DA:162,0
DA:163,0
DA:164,0
DA:165,0
DA:166,0
DA:168,0
DA:170,0
DA:172,0
DA:173,0
DA:174,0
DA:176,0
DA:178,0
DA:190,0
DA:192,0
DA:194,0
DA:198,0
DA:199,0
DA:201,0
DA:202,0
DA:203,0
DA:204,0
DA:205,0
DA:207,0
DA:208,0
DA:210,0
DA:213,0
DA:231,0
DA:233,0
DA:235,0
DA:237,0
DA:238,0
DA:239,0
DA:244,0
DA:245,0
DA:246,0
DA:247,0
DA:254,0
DA:255,0
DA:256,0
DA:257,0
DA:259,0
DA:260,0
DA:261,0
DA:262,0
DA:263,0
DA:265,0
DA:266,0
DA:271,0
DA:272,0
DA:273,0
DA:274,0
DA:275,0
DA:276,0
DA:277,0
DA:280,0
DA:281,0
DA:296,0
DA:297,0
DA:299,0
DA:301,0
DA:305,0
DA:307,0
DA:309,0
DA:313,0
DA:317,0
DA:318,0
DA:322,0
DA:324,0
DA:325,0
DA:326,0
DA:340,0
DA:342,0
DA:344,0
DA:348,0
DA:352,0
DA:353,0
DA:357,0
DA:359,0
DA:360,0
DA:361,0
DA:370,0
DA:371,0
DA:382,0
DA:384,0
DA:386,0
DA:390,0
DA:391,0
DA:392,0
DA:393,0
DA:395,0
DA:396,0
DA:397,0
DA:398,0
DA:399,0
DA:401,0
DA:402,0
DA:407,0
DA:409,0
DA:410,0
DA:411,0
DA:412,0
DA:413,0
DA:414,0
DA:416,0
DA:417,0
DA:432,0
DA:442,0
DA:443,0
DA:444,0
DA:445,0
DA:447,0
DA:448,0
DA:449,0
DA:450,0
DA:451,0
DA:452,0
DA:453,0
DA:454,0
DA:456,0
DA:457,0
DA:466,0
DA:468,0
DA:469,0
DA:470,0
DA:471,0
DA:472,0
DA:473,0
DA:475,0
DA:476,0
DA:478,0
DA:479,0
DA:480,0
DA:481,0
DA:482,0
DA:483,0
DA:484,0
DA:485,0
DA:486,0
DA:496,0
DA:498,0
DA:499,0
DA:500,0
DA:501,0
DA:502,0
DA:503,0
DA:504,0
DA:508,0
DA:509,0
DA:511,0
DA:513,0
DA:514,0
DA:528,0
DA:529,0
DA:531,0
DA:533,0
DA:534,0
DA:535,0
DA:536,0
DA:537,0
DA:542,0
DA:544,0
DA:545,0
DA:546,0
DA:547,0
DA:548,0
DA:549,0
DA:550,0
DA:551,0
DA:552,0
DA:553,0
DA:559,0
DA:561,0
DA:562,0
DA:563,0
DA:564,0
DA:565,0
DA:566,0
DA:567,0
DA:568,0
DA:569,0
DA:570,0
DA:572,0
DA:574,0
DA:575,0
DA:586,0
DA:596,0
DA:597,0
DA:598,0
DA:599,0
DA:601,0
DA:602,0
DA:603,0
DA:604,0
DA:605,0
DA:606,0
DA:607,0
DA:608,0
DA:610,0
DA:611,0
DA:620,0
DA:622,0
DA:623,0
DA:624,0
DA:625,0
DA:626,0
DA:627,0
DA:629,0
DA:630,0
DA:632,0
DA:633,0
DA:634,0
DA:635,0
DA:636,0
DA:637,0
DA:638,0
DA:639,0
DA:640,0
DA:650,0
DA:652,0
DA:653,0
DA:654,0
DA:655,0
DA:656,0
DA:657,0
DA:658,0
DA:662,0
DA:663,0
DA:665,0
DA:667,0
DA:668,0
DA:682,0
DA:683,0
DA:684,0
DA:686,0
DA:687,0
DA:688,0
DA:689,0
DA:690,0
DA:696,0
DA:698,0
DA:699,0
DA:700,0
DA:701,0
DA:702,0
DA:703,0
DA:704,0
DA:705,0
DA:706,0
DA:707,0
DA:708,0
DA:714,0
DA:716,0
DA:717,0
DA:718,0
DA:719,0
DA:720,0
DA:721,0
DA:722,0
DA:723,0
DA:724,0
DA:725,0
DA:748,0
DA:750,0
DA:752,0
DA:754,0
DA:755,0
DA:756,0
DA:761,0
DA:762,0
DA:763,0
DA:764,0
DA:788,0
DA:789,0
DA:790,0
DA:791,0
DA:793,0
DA:794,0
DA:795,0
DA:796,0
DA:797,0
DA:799,0
DA:800,0
DA:805,0
DA:806,0
DA:807,0
DA:808,0
DA:809,0
DA:810,0
DA:811,0
DA:813,0
DA:814,0
DA:828,0
DA:830,0
DA:832,0
DA:836,0
DA:837,0
DA:838,0
DA:839,0
DA:841,0
DA:842,0
DA:843,0
DA:844,0
DA:845,0
DA:847,0
DA:848,0
DA:853,0
DA:854,0
DA:855,0
DA:856,0
DA:857,0
DA:858,0
DA:859,0
DA:861,0
DA:862,0
DA:876,0
DA:878,0
DA:880,0
DA:892,0
DA:893,0
DA:894,0
DA:895,0
DA:897,0
DA:898,0
DA:899,0
DA:900,0
DA:901,0
DA:903,0
DA:904,0
DA:909,0
DA:910,0
DA:911,0
DA:912,0
DA:913,0
DA:914,0
DA:915,0
DA:918,0
DA:919,0
DA:934,0
DA:935,0
DA:937,0
DA:938,0
DA:939,0
DA:940,0
DA:941,0
DA:942,0
DA:944,0
DA:945,0
DA:946,0
DA:947,0
DA:948,0
DA:950,0
DA:954,0
DA:956,0
DA:957,0
DA:958,0
DA:959,0
DA:960,0
DA:962,0
DA:973,0
DA:974,0
DA:975,0
DA:976,0
DA:978,0
DA:979,0
DA:980,0
DA:981,0
DA:982,0
DA:985,0
DA:986,0
DA:991,0
DA:992,0
DA:993,0
DA:994,0
DA:995,0
DA:996,0
DA:997,0
DA:1000,0
DA:1001,0
DA:1016,0
DA:1017,0
DA:1019,0
DA:1020,0
DA:1021,0
DA:1022,0
DA:1040,0
DA:1041,0
DA:1042,0
DA:1043,0
DA:1045,0
DA:1046,0
DA:1047,0
DA:1048,0
DA:1049,0
DA:1051,0
DA:1052,0
DA:1057,0
DA:1058,0
DA:1059,0
DA:1060,0
DA:1061,0
DA:1062,0
DA:1063,0
DA:1066,0
DA:1067,0
DA:1082,0
DA:1083,0
DA:1085,0
DA:1086,0
DA:1087,0
DA:1088,0
DA:1089,0
DA:1098,0
DA:1099,0
DA:1100,0
DA:1101,0
DA:1103,0
DA:1104,0
DA:1105,0
DA:1106,0
DA:1107,0
DA:1110,0
DA:1111,0
DA:1116,0
DA:1117,0
DA:1118,0
DA:1119,0
DA:1120,0
DA:1121,0
DA:1122,0
DA:1125,0
DA:1126,0
DA:1141,0
DA:1142,0
DA:1144,0
DA:1145,0
DA:1146,0
DA:1147,0
DA:1165,0
DA:1166,0
DA:1167,0
DA:1168,0
DA:1170,0
DA:1171,0
DA:1172,0
DA:1173,0
DA:1174,0
DA:1176,0
DA:1177,0
DA:1182,0
DA:1183,0
DA:1184,0
DA:1185,0
DA:1186,0
DA:1187,0
DA:1188,0
DA:1191,0
DA:1192,0
DA:1206,0
DA:1207,0
DA:1208,0
DA:1209,0
DA:1211,0
DA:1212,0
DA:1213,0
DA:1214,0
DA:1215,0
DA:1218,0
DA:1219,0
DA:1224,0
DA:1225,0
DA:1226,0
DA:1227,0
DA:1228,0
DA:1229,0
DA:1230,0
DA:1233,0
DA:1234,0
DA:1257,0
DA:1258,0
DA:1259,0
DA:1260,0
DA:1262,0
DA:1263,0
DA:1264,0
DA:1265,0
DA:1266,0
DA:1268,0
DA:1269,0
DA:1274,0
DA:1275,0
DA:1276,0
DA:1277,0
DA:1278,0
DA:1279,0
DA:1280,0
DA:1283,0
DA:1284,0
DA:1298,0
DA:1299,0
DA:1300,0
DA:1301,0
DA:1303,0
DA:1304,0
DA:1305,0
DA:1306,0
DA:1307,0
DA:1310,0
DA:1311,0
DA:1316,0
DA:1317,0
DA:1318,0
DA:1319,0
DA:1320,0
DA:1321,0
DA:1322,0
DA:1325,0
DA:1326,0
DA:1340,0
DA:1341,0
DA:1343,0
DA:1344,0
DA:1345,0
DA:1347,0
DA:1350,0
DA:1351,0
DA:1352,0
DA:1353,0
DA:1354,0
DA:1356,0
DA:1358,0
DA:1360,0
DA:1361,0
DA:1369,0
DA:1379,0
DA:1382,0
DA:1385,0
LF:613
LH:0
end_of_record
SF:lib\theme\theme.dart
DA:4,1
DA:9,1
DA:26,1
DA:29,1
LF:4
LH:4
end_of_record
